{"synthetic": false,
 "outputs":
 {"o": ["15861578683656594916"],
  "i": "546738240480585559",
  "c": "13106762217160434241"},
 "log":
 [{"message":
   ".> LEAN_PATH=D:\\JONATHAN\\Lean\\PicksTheorem2025\\.lake\\packages\\Cli\\.lake\\build\\lib\\lean;D:\\JONATHAN\\Lean\\PicksTheorem2025\\.lake\\packages\\batteries\\.lake\\build\\lib\\lean;D:\\JONATHAN\\Lean\\PicksTheorem2025\\.lake\\packages\\Qq\\.lake\\build\\lib\\lean;D:\\JONATHAN\\Lean\\PicksTheorem2025\\.lake\\packages\\aesop\\.lake\\build\\lib\\lean;D:\\JONATHAN\\Lean\\PicksTheorem2025\\.lake\\packages\\proofwidgets\\.lake\\build\\lib\\lean;D:\\JONATHAN\\Lean\\PicksTheorem2025\\.lake\\packages\\importGraph\\.lake\\build\\lib\\lean;D:\\JONATHAN\\Lean\\PicksTheorem2025\\.lake\\packages\\LeanSearchClient\\.lake\\build\\lib\\lean;D:\\JONATHAN\\Lean\\PicksTheorem2025\\.lake\\packages\\plausible\\.lake\\build\\lib\\lean;D:\\JONATHAN\\Lean\\PicksTheorem2025\\.lake\\packages\\mathlib\\.lake\\build\\lib\\lean;D:\\JONATHAN\\Lean\\PicksTheorem2025\\.lake\\build\\lib\\lean c:\\Users\\jonat\\.elan\\toolchains\\leanprover--lean4---v4.24.0-rc1\\bin\\lean.exe D:\\JONATHAN\\Lean\\PicksTheorem2025\\PicksTheorem2025.lean -o D:\\JONATHAN\\Lean\\PicksTheorem2025\\.lake\\build\\lib\\lean\\PicksTheorem2025.olean -i D:\\JONATHAN\\Lean\\PicksTheorem2025\\.lake\\build\\lib\\lean\\PicksTheorem2025.ilean -c D:\\JONATHAN\\Lean\\PicksTheorem2025\\.lake\\build\\ir\\PicksTheorem2025.c --setup D:\\JONATHAN\\Lean\\PicksTheorem2025\\.lake\\build\\ir\\PicksTheorem2025.setup.json --json",
   "level": "trace"}],
 "inputs":
 [["PicksTheorem2025:deps",
   [["deps",
     [["PicksTheorem2025/PicksTheorem2025:extraDep",
       [["@PicksTheorem2025:extraDep", "1723"]]],
      ["imports",
       [["PicksTheorem2025.Basic transitive imports (legacy)", "1723"],
        ["PicksTheorem2025.Basic:importAllArts", "11630276575455109630"]]]]],
    ["libs",
     [["import dynlibs", "1723"],
      ["package external libraries", "1723"],
      ["module dynlibs", "1723"],
      ["module plugins", "1723"]]]]],
  ["Lean 4.24.0, commit 919e297292280cdb27598edd4e03437be5850221",
   "16820442660988836695"],
  ["D:\\JONATHAN\\Lean\\PicksTheorem2025\\PicksTheorem2025.lean",
   "1401726629096807551"],
  ["options",
   [["-DmaxSynthPendingDepth=3", "14379489197236848084"],
    ["-Dweak.linter.mathlibStandardSet=true", "9949955268809796418"],
    ["-DrelaxedAutoImplicit=false", "8404479228809428608"],
    ["-Dpp.unicode.fun=true", "11210593074386665387"],
    ["-DautoImplicit=false", "5369888039164004816"]]],
  ["Module.leanArgs: #[]", "1723"]],
 "depHash": "2717501547789292133"}